2024-11-09 22:11:01,859 - DEBUG - matplotlib data path: /home/codespace/.local/lib/python3.12/site-packages/matplotlib/mpl-data
2024-11-09 22:11:01,864 - DEBUG - CONFIGDIR=/home/codespace/.config/matplotlib
2024-11-09 22:11:01,865 - DEBUG - interactive is False
2024-11-09 22:11:01,865 - DEBUG - platform is linux
2024-11-09 22:11:01,920 - DEBUG - CACHEDIR=/home/codespace/.cache/matplotlib
2024-11-09 22:11:01,922 - DEBUG - Using fontManager instance from /home/codespace/.cache/matplotlib/fontlist-v390.json
2024-11-09 22:11:02,195 - INFO - Starting the data processing pipeline
2024-11-09 22:11:02,195 - INFO - Downloading data from Google Drive with file ID: 12r59IXJ1GECKHTgY8erhWgM5H3x_pJxz
2024-11-09 22:11:02,198 - DEBUG - Starting new HTTPS connection (1): drive.google.com:443
2024-11-09 22:11:04,087 - DEBUG - https://drive.google.com:443 "GET /uc?id=12r59IXJ1GECKHTgY8erhWgM5H3x_pJxz HTTP/11" 200 None
2024-11-09 22:11:04,248 - DEBUG - https://drive.google.com:443 "GET /uc?id=12r59IXJ1GECKHTgY8erhWgM5H3x_pJxz&confirm=t&uuid=5311dc81-aed2-4caf-8d77-0dd3d98d88b5 HTTP/11" 303 0
2024-11-09 22:11:04,249 - DEBUG - Starting new HTTPS connection (1): doc-0k-5o-docs.googleusercontent.com:443
2024-11-09 22:11:06,154 - DEBUG - https://doc-0k-5o-docs.googleusercontent.com:443 "GET /docs/securesc/ha0ro937gcuc7l7deffksulhg5h7mbp1/e5jvko60camkakeu1vsk9c30seqeaknr/1731190200000/18442887739243934198/*/12r59IXJ1GECKHTgY8erhWgM5H3x_pJxz?uuid=5311dc81-aed2-4caf-8d77-0dd3d98d88b5 HTTP/11" 200 161743722
2024-11-09 22:11:07,371 - INFO - Data downloaded to: data/customers_data.csv
2024-11-09 22:11:07,371 - INFO - Loading data from file: data/customers_data.csv
2024-11-09 22:11:11,168 - INFO - Data loaded successfully with shape: (1000000, 48)
2024-11-09 22:11:11,168 - INFO - Renaming columns to more descriptive names
2024-11-09 22:11:11,169 - INFO - Columns renamed successfully
2024-11-09 22:11:11,169 - INFO - Converting data types of categorical and boolean columns
2024-11-09 22:11:12,278 - INFO - Data type conversion completed
2024-11-09 22:11:12,279 - INFO - Handling missing values with mode imputation
2024-11-09 22:11:12,849 - INFO - Missing values handled successfully
2024-11-09 22:11:12,849 - INFO - Imputing missing numerical values using KNNImputer
2024-11-09 22:11:34,864 - DEBUG - matplotlib data path: /home/codespace/.local/lib/python3.12/site-packages/matplotlib/mpl-data
2024-11-09 22:11:34,870 - DEBUG - CONFIGDIR=/home/codespace/.config/matplotlib
2024-11-09 22:11:34,871 - DEBUG - interactive is False
2024-11-09 22:11:34,872 - DEBUG - platform is linux
2024-11-09 22:11:34,913 - DEBUG - CACHEDIR=/home/codespace/.cache/matplotlib
2024-11-09 22:11:34,914 - DEBUG - Using fontManager instance from /home/codespace/.cache/matplotlib/fontlist-v390.json
2024-11-09 22:11:35,138 - INFO - Starting the data processing pipeline
2024-11-09 22:11:35,138 - INFO - Downloading data from Google Drive with file ID: 12r59IXJ1GECKHTgY8erhWgM5H3x_pJxz
2024-11-09 22:11:35,140 - DEBUG - Starting new HTTPS connection (1): drive.google.com:443
2024-11-09 22:11:36,829 - DEBUG - https://drive.google.com:443 "GET /uc?id=12r59IXJ1GECKHTgY8erhWgM5H3x_pJxz HTTP/11" 200 None
2024-11-09 22:11:36,983 - DEBUG - https://drive.google.com:443 "GET /uc?id=12r59IXJ1GECKHTgY8erhWgM5H3x_pJxz&confirm=t&uuid=7eb4f049-e60e-40a1-9140-fbae3f52113d HTTP/11" 303 0
2024-11-09 22:11:36,984 - DEBUG - Starting new HTTPS connection (1): doc-0k-5o-docs.googleusercontent.com:443
2024-11-09 22:11:38,880 - DEBUG - https://doc-0k-5o-docs.googleusercontent.com:443 "GET /docs/securesc/ha0ro937gcuc7l7deffksulhg5h7mbp1/hccoh5f0316qbo97mkr8bgi1ut5rl1sg/1731190275000/18442887739243934198/*/12r59IXJ1GECKHTgY8erhWgM5H3x_pJxz?uuid=7eb4f049-e60e-40a1-9140-fbae3f52113d HTTP/11" 200 161743722
2024-11-09 22:11:42,503 - INFO - Data downloaded to: data/customers_data.csv
2024-11-09 22:11:42,503 - INFO - Loading data from file: data/customers_data.csv
2024-11-09 22:11:46,204 - INFO - Data loaded successfully with shape: (1000000, 48)
2024-11-09 22:11:46,204 - INFO - Renaming columns to more descriptive names
2024-11-09 22:11:46,204 - INFO - Columns renamed successfully
2024-11-09 22:11:46,204 - INFO - Converting data types of categorical and boolean columns
2024-11-09 22:11:47,367 - INFO - Data type conversion completed
2024-11-09 22:11:47,367 - INFO - Handling missing values with mode imputation
2024-11-09 22:11:47,963 - INFO - Missing values handled successfully
2024-11-09 22:11:47,963 - INFO - Imputing missing numerical values using KNNImputer
