2024-11-14 08:37:09,069 - INFO - Data loaded successfully
2024-11-14 08:37:09,077 - INFO - Data preprocessing completed successfully
2024-11-14 08:37:09,082 - INFO - Feature engineering completed successfully
2024-11-14 08:37:09,302 - INFO - Data transformation completed successfully
2024-11-14 08:37:09,303 - ERROR - Error in data transformation: name 'pickle' is not defined
2024-11-14 08:37:56,364 - INFO - Data loaded successfully
2024-11-14 08:37:56,373 - INFO - Data preprocessing completed successfully
2024-11-14 08:37:56,378 - INFO - Feature engineering completed successfully
2024-11-14 08:37:56,568 - INFO - Data transformation completed successfully
2024-11-14 08:37:56,570 - INFO - Pickle file for column transformer saved successfully
2024-11-14 08:38:00,850 - INFO - Model Evaluation - Accuracy: 0.88, Precision: 0.87, Recall: 0.87, F1 Score: 0.87, ROC-AUC: 0.95
2024-11-14 08:38:00,852 - INFO - Trained model saved to artifacts/model.pkl
2024-11-14 08:42:43,414 - INFO - Data loaded successfully
2024-11-14 08:42:43,422 - INFO - Data preprocessing completed successfully
2024-11-14 08:42:43,428 - INFO - Feature engineering completed successfully
2024-11-14 08:42:43,645 - INFO - Data transformation completed successfully
2024-11-14 08:42:43,645 - ERROR - Error in data transformation: name 'os' is not defined
2024-11-14 08:43:05,955 - INFO - Data loaded successfully
2024-11-14 08:43:05,963 - INFO - Data preprocessing completed successfully
2024-11-14 08:43:05,969 - INFO - Feature engineering completed successfully
2024-11-14 08:43:06,161 - INFO - Data transformation completed successfully
2024-11-14 08:43:06,163 - INFO - Pickle file for column transformer saved successfully
2024-11-14 08:43:10,437 - INFO - Model Evaluation - Accuracy: 0.88, Precision: 0.87, Recall: 0.87, F1 Score: 0.87, ROC-AUC: 0.95
2024-11-14 08:43:10,439 - INFO - Trained model saved to artifacts/model.pkl
2024-11-14 11:50:11,843 - INFO - Data loaded successfully
2024-11-14 11:50:11,852 - INFO - Data preprocessing completed successfully
2024-11-14 11:50:11,858 - INFO - Feature engineering completed successfully
2024-11-14 11:50:12,076 - INFO - Data transformation completed successfully
2024-11-14 11:50:12,078 - INFO - Pickle file for column transformer saved successfully
2024-11-14 11:50:16,608 - INFO - Model Evaluation - Accuracy: 0.88, Precision: 0.87, Recall: 0.87, F1 Score: 0.87, ROC-AUC: 0.95
2024-11-14 11:50:16,610 - INFO - Trained model saved to artifacts/model.pkl
2024-11-14 16:35:50,486 - INFO - Data loaded successfully
2024-11-14 16:35:50,495 - INFO - Data preprocessing completed successfully
2024-11-14 16:35:50,501 - INFO - Feature engineering completed successfully
2024-11-14 16:35:50,726 - INFO - Data transformation completed successfully
2024-11-14 16:35:50,729 - INFO - Pickle file for column transformer saved successfully
2024-11-14 16:35:55,459 - INFO - Model Evaluation - Accuracy: 0.88, Precision: 0.87, Recall: 0.87, F1 Score: 0.87, ROC-AUC: 0.95
2024-11-14 16:35:55,462 - INFO - Trained model saved to artifacts/model.pkl
